<?xml version="1.0" encoding="UTF-8"?>
<!-- Generated by org.testng.reporters.JUnitReportReporter -->
<testsuite skipped="0" hostname="LAPTOP-DUISIK3M" name="GoogleTest.TC_001" tests="2" failures="0" timestamp="25 Nov 2019 02:22:50 GMT" time="26.298" errors="0">
  <testcase name="Test_2" time="15.462" classname="GoogleTest.TC_001"/>
  <testcase name="test_01" time="10.836" classname="GoogleTest.TC_001"/>
</testsuite> <!-- GoogleTest.TC_001 -->
